{
  "RSpec": {
    "coverage": {
      "/home/vgorbenko/Work/sample_app/app/models/relationship.rb": [
        1,
        1,
        null,
        1,
        1,
        null,
        1,
        1,
        null,
        null
      ],
      "/home/vgorbenko/Work/sample_app/app/models/micropost.rb": [
        1,
        1,
        1,
        null,
        1,
        1,
        null,
        1,
        null,
        1,
        19,
        null,
        19,
        null,
        null,
        null
      ],
      "/home/vgorbenko/Work/sample_app/app/models/user.rb": [
        null,
        null,
        null,
        null,
        null,
        null,
        null,
        null,
        null,
        null,
        null,
        1,
        1,
        1,
        1,
        1,
        1,
        1,
        null,
        null,
        1,
        175,
        1,
        null,
        1,
        1,
        1,
        1,
        1,
        null,
        1,
        19,
        null,
        1,
        13,
        null,
        null,
        1,
        25,
        null,
        null,
        1,
        5,
        null,
        null,
        1,
        null,
        1,
        174,
        null,
        null
      ],
      "/home/vgorbenko/Work/sample_app/app/controllers/relationships_controller.rb": [
        1,
        1,
        null,
        1,
        5,
        5,
        5,
        8,
        5,
        null,
        null,
        null,
        1,
        5,
        5,
        5,
        8,
        5,
        null,
        null,
        null
      ],
      "/home/vgorbenko/Work/sample_app/app/controllers/application_controller.rb": [
        1,
        1,
        1,
        null,
        null,
        1,
        0,
        0,
        null,
        null
      ],
      "/home/vgorbenko/Work/sample_app/app/controllers/sessions_controller.rb": [
        1,
        null,
        1,
        null,
        null,
        1,
        58,
        58,
        55,
        55,
        null,
        3,
        3,
        null,
        null,
        null,
        1,
        1,
        1,
        null,
        null,
        null
      ],
      "/home/vgorbenko/Work/sample_app/app/controllers/users_controller.rb": [
        1,
        1,
        null,
        1,
        1,
        null,
        1,
        12,
        null,
        null,
        1,
        86,
        86,
        null,
        null,
        1,
        10,
        null,
        null,
        1,
        7,
        7,
        4,
        4,
        4,
        null,
        3,
        null,
        null,
        null,
        1,
        null,
        null,
        1,
        6,
        5,
        5,
        5,
        null,
        1,
        null,
        null,
        null,
        1,
        1,
        1,
        1,
        null,
        null,
        1,
        3,
        3,
        3,
        3,
        null,
        null,
        1,
        3,
        3,
        3,
        3,
        null,
        null,
        1,
        null,
        1,
        18,
        18,
        null,
        null,
        1,
        2,
        null,
        null
      ],
      "/home/vgorbenko/Work/sample_app/app/controllers/static_pages_controller.rb": [
        1,
        1,
        24,
        13,
        13,
        null,
        null,
        null,
        1,
        null,
        null,
        1,
        null,
        null,
        1,
        null,
        null
      ],
      "/home/vgorbenko/Work/sample_app/app/controllers/microposts_controller.rb": [
        1,
        1,
        1,
        null,
        1,
        3,
        3,
        1,
        1,
        null,
        2,
        2,
        null,
        null,
        null,
        1,
        1,
        1,
        null,
        null,
        1,
        null,
        1,
        2,
        1,
        null,
        null
      ]
    },
    "timestamp": 1386167435
  }
}
